[INFO ] 07 Aug 2025 12:27:23,469 com.qa.hippo.maintests.leadCreation.verifyMOLoginFunctionality :- Chrome launched successfully
[INFO ] 07 Aug 2025 12:27:23,510 com.qa.hippo.maintests.leadCreation.verifyMOLoginFunctionality :- Maximized browser
[INFO ] 07 Aug 2025 12:27:23,520 com.qa.hippo.maintests.leadCreation.verifyMOLoginFunctionality :- Deleted all cookies
[INFO ] 07 Aug 2025 12:27:24,808 com.qa.hippo.maintests.leadCreation.verifyMOLoginFunctionality :- UserId is Entered!!
[INFO ] 07 Aug 2025 12:27:24,895 com.qa.hippo.maintests.leadCreation.verifyMOLoginFunctionality :- Password is Entered!!!
[INFO ] 07 Aug 2025 12:27:25,001 com.qa.hippo.maintests.leadCreation.verifyMOLoginFunctionality :- Clicked on Login Button!!
[INFO ] 07 Aug 2025 12:27:26,191 com.qa.hippo.maintests.leadCreation.verifyMOLoginFunctionality :- Search Created Customer!!!
[INFO ] 07 Aug 2025 12:27:30,503 com.qa.hippo.maintests.leadCreation.verifyMOLoginFunctionality :- Click on Site tab!!
[INFO ] 07 Aug 2025 12:27:32,607 com.qa.hippo.maintests.leadCreation.verifyMOLoginFunctionality :- Click on Add Site Button !!
[INFO ] 07 Aug 2025 12:27:34,696 com.qa.hippo.maintests.leadCreation.verifyMOLoginFunctionality :- Select Type of project and type of site!!
[INFO ] 07 Aug 2025 12:27:37,190 com.qa.hippo.maintests.leadCreation.verifyMOLoginFunctionality :- Randomly selected option: Renovation
[INFO ] 07 Aug 2025 12:27:39,610 com.qa.hippo.maintests.leadCreation.verifyMOLoginFunctionality :- Randomly selected option: Kothi
[INFO ] 07 Aug 2025 12:27:39,619 com.qa.hippo.maintests.leadCreation.verifyMOLoginFunctionality :- Enter Address Details !!!
[INFO ] 07 Aug 2025 12:27:43,955 com.qa.hippo.maintests.leadCreation.verifyMOLoginFunctionality :- Enter Other Details like Carpet Area !!!
[INFO ] 07 Aug 2025 12:27:44,056 com.qa.hippo.maintests.leadCreation.verifyMOLoginFunctionality :- Enter Tentative Possessions Date!!!
[ERROR] 07 Aug 2025 12:27:44,056 com.qa.hippo.maintests.leadCreation.verifyMOLoginFunctionality :- The specified date is not in the future. Please provide a valid future date.
[INFO ] 07 Aug 2025 12:27:44,056 com.qa.hippo.maintests.leadCreation.verifyMOLoginFunctionality :- Specific Date: 28/12/2024
[INFO ] 07 Aug 2025 12:27:44,182 com.qa.hippo.maintests.leadCreation.verifyMOLoginFunctionality :- Specific date entered successfully!
[INFO ] 07 Aug 2025 12:27:47,365 com.qa.hippo.maintests.leadCreation.verifyMOLoginFunctionality :- Site created successfully! Redirected to: https://orders.hippobetabox.in/crm/customers/ec11fa00-ccb7-4676-8457-29b7564346bb
[INFO ] 07 Aug 2025 12:27:49,723 com.qa.hippo.maintests.leadCreation.verifyMOLoginFunctionality :- Click on created site!!
[INFO ] 07 Aug 2025 12:27:50,366 com.qa.hippo.main.pages.leadManagementPages.CreateScopeOfWork :- Site code is : S/NOS1/262
[INFO ] 07 Aug 2025 12:27:50,589 com.qa.hippo.maintests.leadCreation.verifyMOLoginFunctionality :- Click on Scope of work tab!!!
[INFO ] 07 Aug 2025 12:27:51,186 com.qa.hippo.main.pages.leadManagementPages.CreateScopeOfWork :- Checkbox for  is not selected. Selecting it now.
[INFO ] 07 Aug 2025 12:27:51,252 com.qa.hippo.maintests.leadCreation.verifyMOLoginFunctionality :- WardRobe checkbox is selected!!
[INFO ] 07 Aug 2025 12:27:51,256 com.qa.hippo.maintests.leadCreation.verifyMOLoginFunctionality :- Select Follow Up Date....
[ERROR] 07 Aug 2025 12:27:51,402 com.qa.hippo.main.pages.leadManagementPages.CreateScopeOfWork :- Date field already has a value: 09-08-2025. Updating to the specific date.
[INFO ] 07 Aug 2025 12:27:51,435 com.qa.hippo.main.pages.leadManagementPages.CreateScopeOfWork :- Date set to: 15-12-2024
[INFO ] 07 Aug 2025 12:27:51,589 com.qa.hippo.maintests.leadCreation.verifyMOLoginFunctionality :- Lead Owner Selected from dropdown....
[INFO ] 07 Aug 2025 12:27:51,591 com.qa.hippo.maintests.leadCreation.verifyMOLoginFunctionality :- Opportunity is created !!
[ERROR] 07 Aug 2025 12:27:52,085 com.qa.hippo.main.pages.leadManagementPages.CreateScopeOfWork :- Failed to created Opportunity!
[INFO ] 07 Aug 2025 12:27:55,419 com.qa.hippo.maintests.leadCreation.verifyMOLoginFunctionality :- Logout Successfully!!!
[INFO ] 07 Aug 2025 12:27:55,525 com.qa.hippo.maintests.leadCreation.verifyMOLoginFunctionality :- UserId is Entered!!
[INFO ] 07 Aug 2025 12:27:55,632 com.qa.hippo.maintests.leadCreation.verifyMOLoginFunctionality :- Password is Entered!!!
[INFO ] 07 Aug 2025 12:27:55,729 com.qa.hippo.maintests.leadCreation.verifyMOLoginFunctionality :- Clicked on Login Button!!
[INFO ] 07 Aug 2025 12:28:12,579 com.qa.hippo.maintests.leadCreation.verifyMOLoginFunctionality :- Clicked on update follow up button!!
[INFO ] 07 Aug 2025 12:28:13,703 com.qa.hippo.maintests.leadCreation.verifyMOLoginFunctionality :- Clicked on Lead Status dropdown!!!
[INFO ] 07 Aug 2025 12:28:15,811 com.qa.hippo.maintests.leadCreation.verifyMOLoginFunctionality :- Boq Creation Option is selected
[INFO ] 07 Aug 2025 12:28:21,673 com.qa.hippo.maintests.leadCreation.verifyMOLoginFunctionality :- Logout Successfully!!!
[INFO ] 07 Aug 2025 12:28:21,756 com.qa.hippo.maintests.leadCreation.verifyMOLoginFunctionality :- UserId is Entered!!
[INFO ] 07 Aug 2025 12:28:21,837 com.qa.hippo.maintests.leadCreation.verifyMOLoginFunctionality :- Password is Entered!!!
[INFO ] 07 Aug 2025 12:28:21,928 com.qa.hippo.maintests.leadCreation.verifyMOLoginFunctionality :- Clicked on Login Button!!
[INFO ] 07 Aug 2025 12:28:25,185 com.qa.hippo.maintests.leadCreation.verifyMOLoginFunctionality :- Searched Opportunity ID : 373
[ERROR] 07 Aug 2025 12:28:46,750 com.qa.hippo.maintests.leadCreation.verifyMOLoginFunctionality :- Error in checkSentForCustomerApprovalButton: Cannot invoke "com.qa.hippo.main.pages.leadManagementPages.CreateBoqPage.SearchEnquiryID()" because "this.createBoqPage" is null
java.lang.NullPointerException: Cannot invoke "com.qa.hippo.main.pages.leadManagementPages.CreateBoqPage.SearchEnquiryID()" because "this.createBoqPage" is null
	at com.qa.hippo.main.pages.leadManagementPages.SentForCustomerApprovalPage.checkSentForCustomerApprovalButton(SentForCustomerApprovalPage.java:35) ~[classes/:?]
	at com.qa.hippo.maintests.leadCreation.verifyCustomerSentApprovalWithNoDiscountFunctionality.verifyCustomerApprovalViaWhatsAppWhenButtonDisabled(verifyCustomerSentApprovalFunctionality.java:27) ~[test-classes/:?]
	at jdk.internal.reflect.DirectMethodHandleAccessor.invoke(DirectMethodHandleAccessor.java:103) ~[?:?]
	at java.lang.reflect.Method.invoke(Method.java:580) ~[?:?]
	at org.testng.internal.invokers.MethodInvocationHelper.invokeMethod(MethodInvocationHelper.java:141) ~[testng-7.10.2.jar:7.10.2]
	at org.testng.internal.invokers.TestInvoker.invokeMethod(TestInvoker.java:686) ~[testng-7.10.2.jar:7.10.2]
	at org.testng.internal.invokers.TestInvoker.invokeTestMethod(TestInvoker.java:230) ~[testng-7.10.2.jar:7.10.2]
	at org.testng.internal.invokers.MethodRunner.runInSequence(MethodRunner.java:63) ~[testng-7.10.2.jar:7.10.2]
	at org.testng.internal.invokers.TestInvoker$MethodInvocationAgent.invoke(TestInvoker.java:992) ~[testng-7.10.2.jar:7.10.2]
	at org.testng.internal.invokers.TestInvoker.invokeTestMethods(TestInvoker.java:203) ~[testng-7.10.2.jar:7.10.2]
	at org.testng.internal.invokers.TestMethodWorker.invokeTestMethods(TestMethodWorker.java:154) ~[testng-7.10.2.jar:7.10.2]
	at org.testng.internal.invokers.TestMethodWorker.run(TestMethodWorker.java:134) ~[testng-7.10.2.jar:7.10.2]
	at java.util.ArrayList.forEach(ArrayList.java:1596) [?:?]
	at org.testng.TestRunner.privateRun(TestRunner.java:739) [testng-7.10.2.jar:7.10.2]
	at org.testng.TestRunner.run(TestRunner.java:614) [testng-7.10.2.jar:7.10.2]
	at org.testng.SuiteRunner.runTest(SuiteRunner.java:421) [testng-7.10.2.jar:7.10.2]
	at org.testng.SuiteRunner.runSequentially(SuiteRunner.java:413) [testng-7.10.2.jar:7.10.2]
	at org.testng.SuiteRunner.privateRun(SuiteRunner.java:373) [testng-7.10.2.jar:7.10.2]
	at org.testng.SuiteRunner.run(SuiteRunner.java:312) [testng-7.10.2.jar:7.10.2]
	at org.testng.SuiteRunnerWorker.runSuite(SuiteRunnerWorker.java:52) [testng-7.10.2.jar:7.10.2]
	at org.testng.SuiteRunnerWorker.run(SuiteRunnerWorker.java:95) [testng-7.10.2.jar:7.10.2]
	at org.testng.TestNG.runSuitesSequentially(TestNG.java:1274) [testng-7.10.2.jar:7.10.2]
	at org.testng.TestNG.runSuitesLocally(TestNG.java:1208) [testng-7.10.2.jar:7.10.2]
	at org.testng.TestNG.runSuites(TestNG.java:1112) [testng-7.10.2.jar:7.10.2]
	at org.testng.TestNG.run(TestNG.java:1079) [testng-7.10.2.jar:7.10.2]
	at com.intellij.rt.testng.IDEARemoteTestNG.run(IDEARemoteTestNG.java:65) [testng-rt.jar:?]
	at com.intellij.rt.testng.RemoteTestNGStarter.main(RemoteTestNGStarter.java:105) [testng-rt.jar:?]
