[INFO ] 07 Aug 2025 14:15:36,339 com.qa.hippo.maintests.leadCreation.verifyMOLoginFunctionality :- Chrome launched successfully
[INFO ] 07 Aug 2025 14:15:36,403 com.qa.hippo.maintests.leadCreation.verifyMOLoginFunctionality :- Maximized browser
[INFO ] 07 Aug 2025 14:15:36,418 com.qa.hippo.maintests.leadCreation.verifyMOLoginFunctionality :- Deleted all cookies
[INFO ] 07 Aug 2025 14:15:37,612 com.qa.hippo.maintests.leadCreation.verifyMOLoginFunctionality :- UserId is Entered!!
[INFO ] 07 Aug 2025 14:15:37,709 com.qa.hippo.maintests.leadCreation.verifyMOLoginFunctionality :- Password is Entered!!!
[INFO ] 07 Aug 2025 14:15:37,791 com.qa.hippo.maintests.leadCreation.verifyMOLoginFunctionality :- Clicked on Login Button!!
[INFO ] 07 Aug 2025 14:15:38,894 com.qa.hippo.maintests.leadCreation.verifyMOLoginFunctionality :- Search Created Customer!!!
[INFO ] 07 Aug 2025 14:15:43,219 com.qa.hippo.maintests.leadCreation.verifyMOLoginFunctionality :- Click on Site tab!!
[INFO ] 07 Aug 2025 14:15:45,376 com.qa.hippo.maintests.leadCreation.verifyMOLoginFunctionality :- Click on Add Site Button !!
[INFO ] 07 Aug 2025 14:15:47,476 com.qa.hippo.maintests.leadCreation.verifyMOLoginFunctionality :- Select Type of project and type of site!!
[INFO ] 07 Aug 2025 14:15:50,048 com.qa.hippo.maintests.leadCreation.verifyMOLoginFunctionality :- Randomly selected option: Renovation
[INFO ] 07 Aug 2025 14:15:52,498 com.qa.hippo.maintests.leadCreation.verifyMOLoginFunctionality :- Randomly selected option: Independent Floor
[INFO ] 07 Aug 2025 14:15:52,502 com.qa.hippo.maintests.leadCreation.verifyMOLoginFunctionality :- Enter Address Details !!!
[INFO ] 07 Aug 2025 14:15:56,892 com.qa.hippo.maintests.leadCreation.verifyMOLoginFunctionality :- Enter Other Details like Carpet Area !!!
[INFO ] 07 Aug 2025 14:15:56,998 com.qa.hippo.maintests.leadCreation.verifyMOLoginFunctionality :- Enter Tentative Possessions Date!!!
[ERROR] 07 Aug 2025 14:15:56,998 com.qa.hippo.maintests.leadCreation.verifyMOLoginFunctionality :- The specified date is not in the future. Please provide a valid future date.
[INFO ] 07 Aug 2025 14:15:56,998 com.qa.hippo.maintests.leadCreation.verifyMOLoginFunctionality :- Specific Date: 28/12/2024
[INFO ] 07 Aug 2025 14:15:57,176 com.qa.hippo.maintests.leadCreation.verifyMOLoginFunctionality :- Specific date entered successfully!
[INFO ] 07 Aug 2025 14:16:00,456 com.qa.hippo.maintests.leadCreation.verifyMOLoginFunctionality :- Site created successfully! Redirected to: https://orders.hippobetabox.in/crm/customers/ec11fa00-ccb7-4676-8457-29b7564346bb
[INFO ] 07 Aug 2025 14:16:02,944 com.qa.hippo.maintests.leadCreation.verifyMOLoginFunctionality :- Click on created site!!
[INFO ] 07 Aug 2025 14:16:04,132 com.qa.hippo.main.pages.leadManagementPages.CreateScopeOfWork :- Site code is : S/NOS1/265
[INFO ] 07 Aug 2025 14:16:04,368 com.qa.hippo.maintests.leadCreation.verifyMOLoginFunctionality :- Click on Scope of work tab!!!
[INFO ] 07 Aug 2025 14:16:04,945 com.qa.hippo.main.pages.leadManagementPages.CreateScopeOfWork :- Checkbox for  is not selected. Selecting it now.
[INFO ] 07 Aug 2025 14:16:05,000 com.qa.hippo.maintests.leadCreation.verifyMOLoginFunctionality :- WardRobe checkbox is selected!!
[INFO ] 07 Aug 2025 14:16:05,000 com.qa.hippo.maintests.leadCreation.verifyMOLoginFunctionality :- Select Follow Up Date....
[ERROR] 07 Aug 2025 14:16:05,177 com.qa.hippo.main.pages.leadManagementPages.CreateScopeOfWork :- Date field already has a value: 09-08-2025. Updating to the specific date.
[INFO ] 07 Aug 2025 14:16:05,227 com.qa.hippo.main.pages.leadManagementPages.CreateScopeOfWork :- Date set to: 15-12-2024
[INFO ] 07 Aug 2025 14:16:05,392 com.qa.hippo.maintests.leadCreation.verifyMOLoginFunctionality :- Lead Owner Selected from dropdown....
[INFO ] 07 Aug 2025 14:16:05,394 com.qa.hippo.maintests.leadCreation.verifyMOLoginFunctionality :- Opportunity is created !!
[INFO ] 07 Aug 2025 14:16:05,934 com.qa.hippo.main.pages.leadManagementPages.CreateScopeOfWork :- Opportunity Updated Successfully!
[INFO ] 07 Aug 2025 14:16:11,272 com.qa.hippo.maintests.leadCreation.verifyMOLoginFunctionality :- Logout Successfully!!!
[INFO ] 07 Aug 2025 14:16:11,427 com.qa.hippo.maintests.leadCreation.verifyMOLoginFunctionality :- UserId is Entered!!
[INFO ] 07 Aug 2025 14:16:11,568 com.qa.hippo.maintests.leadCreation.verifyMOLoginFunctionality :- Password is Entered!!!
[INFO ] 07 Aug 2025 14:16:11,727 com.qa.hippo.maintests.leadCreation.verifyMOLoginFunctionality :- Clicked on Login Button!!
[INFO ] 07 Aug 2025 14:16:28,568 com.qa.hippo.maintests.leadCreation.verifyMOLoginFunctionality :- Clicked on update follow up button!!
[INFO ] 07 Aug 2025 14:16:29,681 com.qa.hippo.maintests.leadCreation.verifyMOLoginFunctionality :- Clicked on Lead Status dropdown!!!
[INFO ] 07 Aug 2025 14:16:31,775 com.qa.hippo.maintests.leadCreation.verifyMOLoginFunctionality :- Boq Creation Option is selected
[INFO ] 07 Aug 2025 14:16:37,113 com.qa.hippo.maintests.leadCreation.verifyMOLoginFunctionality :- Logout Successfully!!!
[INFO ] 07 Aug 2025 14:16:37,222 com.qa.hippo.maintests.leadCreation.verifyMOLoginFunctionality :- UserId is Entered!!
[INFO ] 07 Aug 2025 14:16:37,278 com.qa.hippo.maintests.leadCreation.verifyMOLoginFunctionality :- Password is Entered!!!
[INFO ] 07 Aug 2025 14:16:37,360 com.qa.hippo.maintests.leadCreation.verifyMOLoginFunctionality :- Clicked on Login Button!!
[INFO ] 07 Aug 2025 14:16:41,176 com.qa.hippo.maintests.leadCreation.verifyMOLoginFunctionality :- Searched Opportunity ID : 375
[INFO ] 07 Aug 2025 14:17:04,180 com.qa.hippo.maintests.leadCreation.verifyMOLoginFunctionality :- Searched Opportunity ID : 375
[INFO ] 07 Aug 2025 14:17:04,180 com.qa.hippo.maintests.leadCreation.verifyMOLoginFunctionality :- Enquiry ID search completed successfully.
[INFO ] 07 Aug 2025 14:17:06,237 com.qa.hippo.maintests.leadCreation.verifyMOLoginFunctionality :- SENT FOR CUSTOMER APPROVAL is disabled. Proceeding with customer approval...
[INFO ] 07 Aug 2025 14:17:07,015 com.qa.hippo.maintests.leadCreation.verifyMOLoginFunctionality :- Fetched message ID: wamid.HBgMOTE5MTI5ODk2Nzg2FQIAERgSQkY4Qzc0MTgyRUYzN0Q4RDdBAA==
[INFO ] 07 Aug 2025 14:17:09,871 com.qa.hippo.maintests.leadCreation.verifyMOLoginFunctionality :- Sent customer approval via WhatsApp for mobile: 9129896786
[INFO ] 07 Aug 2025 14:17:15,355 com.qa.hippo.maintests.leadCreation.verifyMOLoginFunctionality :- Searched Opportunity ID : 375
[ERROR] 07 Aug 2025 14:17:35,424 com.qa.hippo.maintests.leadCreation.verifyMOLoginFunctionality :- Error in verifyCustomerApprovalIsDone: no such element: Unable to locate element: {"method":"xpath","selector":"//button[@type='button'][text()='Create Order']"}
  (Session info: chrome=138.0.7204.170)
For documentation on this error, please visit: https://www.selenium.dev/documentation/webdriver/troubleshooting/errors#no-such-element-exception
Build info: version: '4.19.1', revision: 'abe0ee07dc'
System info: os.name: 'Windows 11', os.arch: 'amd64', os.version: '10.0', java.version: '21.0.7'
Driver info: org.openqa.selenium.chrome.ChromeDriver
Command: [97132ce378a1ea84ff3a4b3dd723f67f, findElement {using=xpath, value=//button[@type='button'][text()='Create Order']}]
Capabilities {acceptInsecureCerts: false, browserName: chrome, browserVersion: 138.0.7204.170, chrome: {chromedriverVersion: 138.0.7204.183 (e90faf484dd..., userDataDir: C:\Users\AHMED~1.NIY\AppDat...}, fedcm:accounts: true, goog:chromeOptions: {debuggerAddress: localhost:50796}, networkConnectionEnabled: false, pageLoadStrategy: normal, platformName: windows, proxy: Proxy(), se:cdp: ws://localhost:50796/devtoo..., se:cdpVersion: 138.0.7204.170, setWindowRect: true, strictFileInteractability: false, timeouts: {implicit: 0, pageLoad: 300000, script: 30000}, unhandledPromptBehavior: dismiss and notify, webauthn:extension:credBlob: true, webauthn:extension:largeBlob: true, webauthn:extension:minPinLength: true, webauthn:extension:prf: true, webauthn:virtualAuthenticators: true}
Session ID: 97132ce378a1ea84ff3a4b3dd723f67f
org.openqa.selenium.NoSuchElementException: no such element: Unable to locate element: {"method":"xpath","selector":"//button[@type='button'][text()='Create Order']"}
  (Session info: chrome=138.0.7204.170)
For documentation on this error, please visit: https://www.selenium.dev/documentation/webdriver/troubleshooting/errors#no-such-element-exception
Build info: version: '4.19.1', revision: 'abe0ee07dc'
System info: os.name: 'Windows 11', os.arch: 'amd64', os.version: '10.0', java.version: '21.0.7'
Driver info: org.openqa.selenium.chrome.ChromeDriver
Command: [97132ce378a1ea84ff3a4b3dd723f67f, findElement {using=xpath, value=//button[@type='button'][text()='Create Order']}]
Capabilities {acceptInsecureCerts: false, browserName: chrome, browserVersion: 138.0.7204.170, chrome: {chromedriverVersion: 138.0.7204.183 (e90faf484dd..., userDataDir: C:\Users\AHMED~1.NIY\AppDat...}, fedcm:accounts: true, goog:chromeOptions: {debuggerAddress: localhost:50796}, networkConnectionEnabled: false, pageLoadStrategy: normal, platformName: windows, proxy: Proxy(), se:cdp: ws://localhost:50796/devtoo..., se:cdpVersion: 138.0.7204.170, setWindowRect: true, strictFileInteractability: false, timeouts: {implicit: 0, pageLoad: 300000, script: 30000}, unhandledPromptBehavior: dismiss and notify, webauthn:extension:credBlob: true, webauthn:extension:largeBlob: true, webauthn:extension:minPinLength: true, webauthn:extension:prf: true, webauthn:virtualAuthenticators: true}
Session ID: 97132ce378a1ea84ff3a4b3dd723f67f
	at jdk.internal.reflect.DirectConstructorHandleAccessor.newInstance(DirectConstructorHandleAccessor.java:62) ~[?:?]
	at java.lang.reflect.Constructor.newInstanceWithCaller(Constructor.java:502) ~[?:?]
	at java.lang.reflect.Constructor.newInstance(Constructor.java:486) ~[?:?]
	at org.openqa.selenium.remote.ErrorCodec.decode(ErrorCodec.java:167) ~[selenium-remote-driver-4.19.1.jar:?]
	at org.openqa.selenium.remote.codec.w3c.W3CHttpResponseCodec.decode(W3CHttpResponseCodec.java:138) ~[selenium-remote-driver-4.19.1.jar:?]
	at org.openqa.selenium.remote.codec.w3c.W3CHttpResponseCodec.decode(W3CHttpResponseCodec.java:50) ~[selenium-remote-driver-4.19.1.jar:?]
	at org.openqa.selenium.remote.HttpCommandExecutor.execute(HttpCommandExecutor.java:190) ~[selenium-remote-driver-4.19.1.jar:?]
	at org.openqa.selenium.remote.service.DriverCommandExecutor.invokeExecute(DriverCommandExecutor.java:216) ~[selenium-remote-driver-4.19.1.jar:?]
	at org.openqa.selenium.remote.service.DriverCommandExecutor.execute(DriverCommandExecutor.java:174) ~[selenium-remote-driver-4.19.1.jar:?]
	at org.openqa.selenium.remote.RemoteWebDriver.execute(RemoteWebDriver.java:518) ~[selenium-remote-driver-4.19.1.jar:?]
	at org.openqa.selenium.remote.ElementLocation$ElementFinder$2.findElement(ElementLocation.java:165) ~[selenium-remote-driver-4.19.1.jar:?]
	at org.openqa.selenium.remote.ElementLocation.findElement(ElementLocation.java:59) ~[selenium-remote-driver-4.19.1.jar:?]
	at org.openqa.selenium.remote.RemoteWebDriver.findElement(RemoteWebDriver.java:355) ~[selenium-remote-driver-4.19.1.jar:?]
	at org.openqa.selenium.remote.RemoteWebDriver.findElement(RemoteWebDriver.java:349) ~[selenium-remote-driver-4.19.1.jar:?]
	at org.openqa.selenium.support.pagefactory.DefaultElementLocator.findElement(DefaultElementLocator.java:68) ~[selenium-support-4.19.1.jar:?]
	at org.openqa.selenium.support.pagefactory.internal.LocatingElementHandler.invoke(LocatingElementHandler.java:38) ~[selenium-support-4.19.1.jar:?]
	at jdk.proxy2.$Proxy30.isEnabled(Unknown Source) ~[?:?]
	at com.qa.hippo.main.pages.leadManagementPages.SentForCustomerApprovalPage.verifyCustomerApprovalIsDone(SentForCustomerApprovalPage.java:91) ~[classes/:?]
	at com.qa.hippo.maintests.leadCreation.verifyCustomerSentApprovalWithNoDiscountFunctionality.verifCustomerApprovalIsDone(verifyCustomerSentApprovalFunctionality.java:37) ~[test-classes/:?]
	at jdk.internal.reflect.DirectMethodHandleAccessor.invoke(DirectMethodHandleAccessor.java:103) ~[?:?]
	at java.lang.reflect.Method.invoke(Method.java:580) ~[?:?]
	at org.testng.internal.invokers.MethodInvocationHelper.invokeMethod(MethodInvocationHelper.java:141) ~[testng-7.10.2.jar:7.10.2]
	at org.testng.internal.invokers.TestInvoker.invokeMethod(TestInvoker.java:686) ~[testng-7.10.2.jar:7.10.2]
	at org.testng.internal.invokers.TestInvoker.invokeTestMethod(TestInvoker.java:230) ~[testng-7.10.2.jar:7.10.2]
	at org.testng.internal.invokers.MethodRunner.runInSequence(MethodRunner.java:63) ~[testng-7.10.2.jar:7.10.2]
	at org.testng.internal.invokers.TestInvoker$MethodInvocationAgent.invoke(TestInvoker.java:992) ~[testng-7.10.2.jar:7.10.2]
	at org.testng.internal.invokers.TestInvoker.invokeTestMethods(TestInvoker.java:203) ~[testng-7.10.2.jar:7.10.2]
	at org.testng.internal.invokers.TestMethodWorker.invokeTestMethods(TestMethodWorker.java:154) ~[testng-7.10.2.jar:7.10.2]
	at org.testng.internal.invokers.TestMethodWorker.run(TestMethodWorker.java:134) ~[testng-7.10.2.jar:7.10.2]
	at java.util.ArrayList.forEach(ArrayList.java:1596) [?:?]
	at org.testng.TestRunner.privateRun(TestRunner.java:739) [testng-7.10.2.jar:7.10.2]
	at org.testng.TestRunner.run(TestRunner.java:614) [testng-7.10.2.jar:7.10.2]
	at org.testng.SuiteRunner.runTest(SuiteRunner.java:421) [testng-7.10.2.jar:7.10.2]
	at org.testng.SuiteRunner.runSequentially(SuiteRunner.java:413) [testng-7.10.2.jar:7.10.2]
	at org.testng.SuiteRunner.privateRun(SuiteRunner.java:373) [testng-7.10.2.jar:7.10.2]
	at org.testng.SuiteRunner.run(SuiteRunner.java:312) [testng-7.10.2.jar:7.10.2]
	at org.testng.SuiteRunnerWorker.runSuite(SuiteRunnerWorker.java:52) [testng-7.10.2.jar:7.10.2]
	at org.testng.SuiteRunnerWorker.run(SuiteRunnerWorker.java:95) [testng-7.10.2.jar:7.10.2]
	at org.testng.TestNG.runSuitesSequentially(TestNG.java:1274) [testng-7.10.2.jar:7.10.2]
	at org.testng.TestNG.runSuitesLocally(TestNG.java:1208) [testng-7.10.2.jar:7.10.2]
	at org.testng.TestNG.runSuites(TestNG.java:1112) [testng-7.10.2.jar:7.10.2]
	at org.testng.TestNG.run(TestNG.java:1079) [testng-7.10.2.jar:7.10.2]
	at com.intellij.rt.testng.IDEARemoteTestNG.run(IDEARemoteTestNG.java:65) [testng-rt.jar:?]
	at com.intellij.rt.testng.RemoteTestNGStarter.main(RemoteTestNGStarter.java:105) [testng-rt.jar:?]
