[INFO ] 29 Jul 2025 12:30:20,427 com.qa.hippo.maintests.leadCreation.verifyCreateBoqFunctionality :- Chrome launched successfully
[INFO ] 29 Jul 2025 12:30:20,515 com.qa.hippo.maintests.leadCreation.verifyCreateBoqFunctionality :- Maximized browser
[INFO ] 29 Jul 2025 12:30:20,540 com.qa.hippo.maintests.leadCreation.verifyCreateBoqFunctionality :- Deleted all cookies
[INFO ] 29 Jul 2025 12:30:24,996 com.qa.hippo.maintests.leadCreation.verifyCreateBoqFunctionality :- UserId is Entered!!
[INFO ] 29 Jul 2025 12:30:25,275 com.qa.hippo.maintests.leadCreation.verifyCreateBoqFunctionality :- Password is Entered!!!
[INFO ] 29 Jul 2025 12:30:25,482 com.qa.hippo.maintests.leadCreation.verifyCreateBoqFunctionality :- Clicked on Login Button!!
[INFO ] 29 Jul 2025 12:30:26,562 com.qa.hippo.maintests.leadCreation.verifyCreateBoqFunctionality :- Customer Creation test Started !!!!
[INFO ] 29 Jul 2025 12:30:26,779 com.qa.hippo.maintests.leadCreation.verifyCreateBoqFunctionality :- Click on Customer Icon on HomePage..
[INFO ] 29 Jul 2025 12:30:30,073 com.qa.hippo.maintests.leadCreation.verifyCreateBoqFunctionality :- Click on Add Customer button..
[INFO ] 29 Jul 2025 12:30:30,417 com.qa.hippo.maintests.leadCreation.verifyCreateBoqFunctionality :- Random Mobile Number generated : 6232001489
[INFO ] 29 Jul 2025 12:30:30,477 com.qa.hippo.maintests.leadCreation.verifyCreateBoqFunctionality :- Enter Mobile Number.....
[INFO ] 29 Jul 2025 12:30:30,779 com.qa.hippo.maintests.leadCreation.verifyCreateBoqFunctionality :- Click on Generate Otp button!!
[INFO ] 29 Jul 2025 12:30:36,259 com.qa.hippo.maintests.leadCreation.verifyCreateBoqFunctionality :- Enter otp and click on Submit button!!
[INFO ] 29 Jul 2025 12:30:39,428 com.qa.hippo.maintests.leadCreation.verifyCreateBoqFunctionality :- Select Contractor customer type and Architect Sub-customer type from dropdown!!!
[INFO ] 29 Jul 2025 12:30:40,198 com.qa.hippo.maintests.leadCreation.verifyCreateBoqFunctionality :- Enter GST number!!
[INFO ] 29 Jul 2025 12:30:41,535 com.qa.hippo.maintests.leadCreation.verifyCreateBoqFunctionality :- Business Name is correctly auto-populated and non-editable.
[INFO ] 29 Jul 2025 12:30:42,661 com.qa.hippo.maintests.leadCreation.verifyCreateBoqFunctionality :- Business Address Line 1 is correctly auto-populated and editable.
[INFO ] 29 Jul 2025 12:30:43,786 com.qa.hippo.maintests.leadCreation.verifyCreateBoqFunctionality :- Business Address Line 2 is correctly auto-populated and editable.
[INFO ] 29 Jul 2025 12:30:45,874 com.qa.hippo.maintests.leadCreation.verifyCreateBoqFunctionality :- Form Redirected to step two: https://orders.hippobetabox.in/customer/add?step=2&mobile=6232001489
[INFO ] 29 Jul 2025 12:30:45,890 com.qa.hippo.maintests.leadCreation.verifyCreateBoqFunctionality :- Enter First & Last Name!!
[INFO ] 29 Jul 2025 12:30:47,122 com.qa.hippo.maintests.leadCreation.verifyCreateBoqFunctionality :- Entered alternate mobile number
[INFO ] 29 Jul 2025 12:30:47,757 com.qa.hippo.maintests.leadCreation.verifyCreateBoqFunctionality :- Entered email Id!!
[INFO ] 29 Jul 2025 12:30:52,359 com.qa.hippo.maintests.leadCreation.verifyCreateBoqFunctionality :- Calculated Age is ->
[INFO ] 29 Jul 2025 12:30:52,623 com.qa.hippo.maintests.leadCreation.verifyCreateBoqFunctionality :-  is Selected!!
[INFO ] 29 Jul 2025 12:30:52,927 com.qa.hippo.maintests.leadCreation.verifyCreateBoqFunctionality :-  is Selected!!
[INFO ] 29 Jul 2025 12:30:54,554 com.qa.hippo.maintests.leadCreation.verifyCreateBoqFunctionality :- Selected income range: 10 - 50 Lakhs
[INFO ] 29 Jul 2025 12:31:05,349 com.qa.hippo.maintests.leadCreation.verifyCreateBoqFunctionality :- Clicked on Capture photo button
[INFO ] 29 Jul 2025 12:31:07,640 com.qa.hippo.maintests.leadCreation.verifyCreateBoqFunctionality :- Clicked on Submit button !!!
[INFO ] 29 Jul 2025 12:31:16,531 com.qa.hippo.maintests.leadCreation.verifyCreateBoqFunctionality :- âœ… Customer created successfully and redirected to customer list page.
[INFO ] 29 Jul 2025 12:31:17,720 com.qa.hippo.maintests.leadCreation.verifyCreateBoqFunctionality :- Logout Successfully!!!
[INFO ] 29 Jul 2025 12:31:18,078 com.qa.hippo.maintests.leadCreation.verifyCreateBoqFunctionality :- UserId is Entered!!
[INFO ] 29 Jul 2025 12:31:18,332 com.qa.hippo.maintests.leadCreation.verifyCreateBoqFunctionality :- Password is Entered!!!
[INFO ] 29 Jul 2025 12:31:20,654 com.qa.hippo.maintests.leadCreation.verifyCreateBoqFunctionality :- Clicked on Login Button!!
[INFO ] 29 Jul 2025 12:31:22,847 com.qa.hippo.maintests.leadCreation.verifyCreateBoqFunctionality :- Click on Customer Icon on HomePage..
[INFO ] 29 Jul 2025 12:31:23,261 com.qa.hippo.maintests.leadCreation.verifyCreateBoqFunctionality :- Clicked on approval icon!!
[INFO ] 29 Jul 2025 12:31:25,552 com.qa.hippo.maintests.leadCreation.verifyCreateBoqFunctionality :- View button is enabled and Clicked on Aadhaar Card
[INFO ] 29 Jul 2025 12:31:27,848 com.qa.hippo.maintests.leadCreation.verifyCreateBoqFunctionality :- Clicked on close pdf icon.
[INFO ] 29 Jul 2025 12:31:30,124 com.qa.hippo.maintests.leadCreation.verifyCreateBoqFunctionality :- View button is enabled and Clicked on PAN Card
[INFO ] 29 Jul 2025 12:31:32,387 com.qa.hippo.maintests.leadCreation.verifyCreateBoqFunctionality :- Clicked on close pdf icon.
[INFO ] 29 Jul 2025 12:31:34,561 com.qa.hippo.maintests.leadCreation.verifyCreateBoqFunctionality :- View button is enabled and Clicked on Visiting Card
[INFO ] 29 Jul 2025 12:31:36,857 com.qa.hippo.maintests.leadCreation.verifyCreateBoqFunctionality :- Clicked on close pdf icon.
[INFO ] 29 Jul 2025 12:31:39,122 com.qa.hippo.maintests.leadCreation.verifyCreateBoqFunctionality :- View button is enabled and Clicked on Site Photo
[INFO ] 29 Jul 2025 12:31:41,405 com.qa.hippo.maintests.leadCreation.verifyCreateBoqFunctionality :- Clicked on close pdf icon.
[INFO ] 29 Jul 2025 12:31:43,608 com.qa.hippo.maintests.leadCreation.verifyCreateBoqFunctionality :- View button is enabled and Clicked on Customer Photo
[INFO ] 29 Jul 2025 12:31:45,886 com.qa.hippo.maintests.leadCreation.verifyCreateBoqFunctionality :- Clicked on close pdf icon.
[INFO ] 29 Jul 2025 12:31:48,093 com.qa.hippo.maintests.leadCreation.verifyCreateBoqFunctionality :- View button is enabled and Clicked on Cancelled Cheque
[INFO ] 29 Jul 2025 12:31:50,316 com.qa.hippo.maintests.leadCreation.verifyCreateBoqFunctionality :- Clicked on close pdf icon.
[INFO ] 29 Jul 2025 12:31:51,242 com.qa.hippo.maintests.leadCreation.verifyCreateBoqFunctionality :- Reviewer approved the profile!!
[INFO ] 29 Jul 2025 12:31:53,532 com.qa.hippo.maintests.leadCreation.verifyCreateBoqFunctionality :- Clicked on Ok button!!
[INFO ] 29 Jul 2025 12:31:54,191 com.qa.hippo.maintests.leadCreation.verifyCreateBoqFunctionality :- Logout Successfully!!!
[INFO ] 29 Jul 2025 12:31:54,501 com.qa.hippo.maintests.leadCreation.verifyCreateBoqFunctionality :- UserId is Entered!!
[INFO ] 29 Jul 2025 12:31:54,694 com.qa.hippo.maintests.leadCreation.verifyCreateBoqFunctionality :- Password is Entered!!!
[INFO ] 29 Jul 2025 12:31:56,996 com.qa.hippo.maintests.leadCreation.verifyCreateBoqFunctionality :- Clicked on Login Button!!
[INFO ] 29 Jul 2025 12:31:59,106 com.qa.hippo.maintests.leadCreation.verifyCreateBoqFunctionality :- Click on Customer Icon on HomePage..
[INFO ] 29 Jul 2025 12:31:59,641 com.qa.hippo.maintests.leadCreation.verifyCreateBoqFunctionality :- Clicked on approval icon!!
[INFO ] 29 Jul 2025 12:32:01,851 com.qa.hippo.maintests.leadCreation.verifyCreateBoqFunctionality :- View button is enabled and Clicked on Aadhaar Card
[INFO ] 29 Jul 2025 12:32:04,116 com.qa.hippo.maintests.leadCreation.verifyCreateBoqFunctionality :- Clicked on close pdf icon.
[INFO ] 29 Jul 2025 12:32:06,340 com.qa.hippo.maintests.leadCreation.verifyCreateBoqFunctionality :- View button is enabled and Clicked on PAN Card
[INFO ] 29 Jul 2025 12:32:08,627 com.qa.hippo.maintests.leadCreation.verifyCreateBoqFunctionality :- Clicked on close pdf icon.
[INFO ] 29 Jul 2025 12:32:10,809 com.qa.hippo.maintests.leadCreation.verifyCreateBoqFunctionality :- View button is enabled and Clicked on Visiting Card
[INFO ] 29 Jul 2025 12:32:13,128 com.qa.hippo.maintests.leadCreation.verifyCreateBoqFunctionality :- Clicked on close pdf icon.
[INFO ] 29 Jul 2025 12:32:15,288 com.qa.hippo.maintests.leadCreation.verifyCreateBoqFunctionality :- View button is enabled and Clicked on Site Photo
[INFO ] 29 Jul 2025 12:32:17,543 com.qa.hippo.maintests.leadCreation.verifyCreateBoqFunctionality :- Clicked on close pdf icon.
[INFO ] 29 Jul 2025 12:32:19,746 com.qa.hippo.maintests.leadCreation.verifyCreateBoqFunctionality :- View button is enabled and Clicked on Customer Photo
[INFO ] 29 Jul 2025 12:32:22,110 com.qa.hippo.maintests.leadCreation.verifyCreateBoqFunctionality :- Clicked on close pdf icon.
[INFO ] 29 Jul 2025 12:32:24,296 com.qa.hippo.maintests.leadCreation.verifyCreateBoqFunctionality :- View button is enabled and Clicked on Cancelled Cheque
[INFO ] 29 Jul 2025 12:32:26,557 com.qa.hippo.maintests.leadCreation.verifyCreateBoqFunctionality :- Clicked on close pdf icon.
[INFO ] 29 Jul 2025 12:32:27,546 com.qa.hippo.maintests.leadCreation.verifyCreateBoqFunctionality :- Reviewer approved the profile!!
[INFO ] 29 Jul 2025 12:32:29,785 com.qa.hippo.maintests.leadCreation.verifyCreateBoqFunctionality :- Clicked on Ok button!!
[INFO ] 29 Jul 2025 12:32:30,433 com.qa.hippo.maintests.leadCreation.verifyCreateBoqFunctionality :- Logout Successfully!!!
[INFO ] 29 Jul 2025 12:32:30,892 com.qa.hippo.maintests.leadCreation.verifyCreateBoqFunctionality :- UserId is Entered!!
[INFO ] 29 Jul 2025 12:32:31,170 com.qa.hippo.maintests.leadCreation.verifyCreateBoqFunctionality :- Password is Entered!!!
[INFO ] 29 Jul 2025 12:32:31,421 com.qa.hippo.maintests.leadCreation.verifyCreateBoqFunctionality :- Clicked on Login Button!!
[INFO ] 29 Jul 2025 12:32:32,362 com.qa.hippo.maintests.leadCreation.verifyCreateBoqFunctionality :- Search Created Customer!!!
[INFO ] 29 Jul 2025 12:32:37,014 com.qa.hippo.maintests.leadCreation.verifyCreateBoqFunctionality :- Click on Site tab!!
[INFO ] 29 Jul 2025 12:32:39,135 com.qa.hippo.maintests.leadCreation.verifyCreateBoqFunctionality :- Click on Add Site Button !!
[INFO ] 29 Jul 2025 12:32:41,253 com.qa.hippo.maintests.leadCreation.verifyCreateBoqFunctionality :- Select Type of project and type of site!!
[INFO ] 29 Jul 2025 12:32:41,877 com.qa.hippo.maintests.leadCreation.verifyCreateBoqFunctionality :- Randomly selected option: New
[INFO ] 29 Jul 2025 12:32:42,444 com.qa.hippo.maintests.leadCreation.verifyCreateBoqFunctionality :- Randomly selected option: G+4
[INFO ] 29 Jul 2025 12:32:42,454 com.qa.hippo.maintests.leadCreation.verifyCreateBoqFunctionality :- Enter Address Details !!!
[INFO ] 29 Jul 2025 12:33:04,797 com.qa.hippo.maintests.leadCreation.verifyCreateBoqFunctionality :- Enter Other Details like Carpet Area !!!
[INFO ] 29 Jul 2025 12:36:06,472 com.qa.hippo.maintests.leadCreation.verifyCreateBoqFunctionality :- Enter Tentative Possessions Date!!!
[ERROR] 29 Jul 2025 12:36:06,473 com.qa.hippo.maintests.leadCreation.verifyCreateBoqFunctionality :- The specified date is not in the future. Please provide a valid future date.
[INFO ] 29 Jul 2025 12:36:06,479 com.qa.hippo.maintests.leadCreation.verifyCreateBoqFunctionality :- Specific Date: 28/12/2024
[INFO ] 29 Jul 2025 12:36:09,449 com.qa.hippo.maintests.leadCreation.verifyCreateBoqFunctionality :- Click on created site!!
[INFO ] 29 Jul 2025 12:36:09,865 com.qa.hippo.main.pages.leadManagementPages.CreateScopeOfWork :- Site code is : S/NOS1/188
[INFO ] 29 Jul 2025 12:36:09,877 com.qa.hippo.maintests.leadCreation.verifyCreateBoqFunctionality :- Click on Scope of work tab!!!
[INFO ] 29 Jul 2025 12:36:09,883 com.qa.hippo.maintests.leadCreation.verifyCreateBoqFunctionality :- Click on Modular Kitchen Checkbox!!
[INFO ] 29 Jul 2025 12:36:09,891 com.qa.hippo.maintests.leadCreation.verifyCreateBoqFunctionality :- Select Follow Up Date....
[INFO ] 29 Jul 2025 12:36:09,897 com.qa.hippo.maintests.leadCreation.verifyCreateBoqFunctionality :- Select Lead Owner from dropdown....
[INFO ] 29 Jul 2025 12:36:09,903 com.qa.hippo.maintests.leadCreation.verifyCreateBoqFunctionality :- Opportunity is created !!
[ERROR] 29 Jul 2025 12:36:09,957 com.qa.hippo.maintests.leadCreation.verifyCreateBoqFunctionality :- Failure in test method EnterUserId
org.openqa.selenium.NoSuchSessionException: invalid session id
Build info: version: '4.19.1', revision: 'abe0ee07dc'
System info: os.name: 'Windows 11', os.arch: 'amd64', os.version: '10.0', java.version: '21.0.7'
Driver info: org.openqa.selenium.chrome.ChromeDriver
Command: [149f1aebc8c8c6689b72fba6ef73c7df, findElement {value=(//div[@data-testid='content-input']/input)[1], using=xpath}]
Capabilities {acceptInsecureCerts: false, browserName: chrome, browserVersion: 138.0.7204.158, chrome: {chromedriverVersion: 138.0.7204.168 (3e8d82e86e9..., userDataDir: C:\Users\AHMED~1.NIY\AppDat...}, fedcm:accounts: true, goog:chromeOptions: {debuggerAddress: localhost:60689}, networkConnectionEnabled: false, pageLoadStrategy: normal, platformName: windows, proxy: Proxy(), se:cdp: ws://localhost:60689/devtoo..., se:cdpVersion: 138.0.7204.158, setWindowRect: true, strictFileInteractability: false, timeouts: {implicit: 0, pageLoad: 300000, script: 30000}, unhandledPromptBehavior: dismiss and notify, webauthn:extension:credBlob: true, webauthn:extension:largeBlob: true, webauthn:extension:minPinLength: true, webauthn:extension:prf: true, webauthn:virtualAuthenticators: true}
Session ID: 149f1aebc8c8c6689b72fba6ef73c7df
	at jdk.internal.reflect.DirectConstructorHandleAccessor.newInstance(DirectConstructorHandleAccessor.java:62) ~[?:?]
	at java.lang.reflect.Constructor.newInstanceWithCaller(Constructor.java:502) ~[?:?]
	at java.lang.reflect.Constructor.newInstance(Constructor.java:486) ~[?:?]
	at org.openqa.selenium.remote.ErrorCodec.decode(ErrorCodec.java:167) ~[selenium-remote-driver-4.19.1.jar:?]
	at org.openqa.selenium.remote.codec.w3c.W3CHttpResponseCodec.decode(W3CHttpResponseCodec.java:138) ~[selenium-remote-driver-4.19.1.jar:?]
	at org.openqa.selenium.remote.codec.w3c.W3CHttpResponseCodec.decode(W3CHttpResponseCodec.java:50) ~[selenium-remote-driver-4.19.1.jar:?]
	at org.openqa.selenium.remote.HttpCommandExecutor.execute(HttpCommandExecutor.java:190) ~[selenium-remote-driver-4.19.1.jar:?]
	at org.openqa.selenium.remote.service.DriverCommandExecutor.invokeExecute(DriverCommandExecutor.java:216) ~[selenium-remote-driver-4.19.1.jar:?]
	at org.openqa.selenium.remote.service.DriverCommandExecutor.execute(DriverCommandExecutor.java:174) ~[selenium-remote-driver-4.19.1.jar:?]
	at org.openqa.selenium.remote.RemoteWebDriver.execute(RemoteWebDriver.java:518) ~[selenium-remote-driver-4.19.1.jar:?]
	at org.openqa.selenium.remote.ElementLocation$ElementFinder$2.findElement(ElementLocation.java:165) ~[selenium-remote-driver-4.19.1.jar:?]
	at org.openqa.selenium.remote.ElementLocation.findElement(ElementLocation.java:59) ~[selenium-remote-driver-4.19.1.jar:?]
	at org.openqa.selenium.remote.RemoteWebDriver.findElement(RemoteWebDriver.java:355) ~[selenium-remote-driver-4.19.1.jar:?]
	at org.openqa.selenium.remote.RemoteWebDriver.findElement(RemoteWebDriver.java:349) ~[selenium-remote-driver-4.19.1.jar:?]
	at org.openqa.selenium.support.pagefactory.DefaultElementLocator.findElement(DefaultElementLocator.java:68) ~[selenium-support-4.19.1.jar:?]
	at org.openqa.selenium.support.pagefactory.internal.LocatingElementHandler.invoke(LocatingElementHandler.java:38) ~[selenium-support-4.19.1.jar:?]
	at jdk.proxy2.$Proxy30.isDisplayed(Unknown Source) ~[?:?]
	at org.openqa.selenium.support.ui.ExpectedConditions.elementIfVisible(ExpectedConditions.java:304) ~[selenium-support-4.19.1.jar:?]
	at org.openqa.selenium.support.ui.ExpectedConditions$10.apply(ExpectedConditions.java:290) ~[selenium-support-4.19.1.jar:?]
	at org.openqa.selenium.support.ui.ExpectedConditions$10.apply(ExpectedConditions.java:287) ~[selenium-support-4.19.1.jar:?]
	at org.openqa.selenium.support.ui.FluentWait.until(FluentWait.java:203) ~[selenium-support-4.19.1.jar:?]
	at com.qa.hippo.main.pages.MoLogin.enterUserId(MoLogin.java:51) ~[classes/:?]
	at com.qa.hippo.main.pages.MoLogin.performLoginOperation(MoLogin.java:93) ~[classes/:?]
	at com.qa.hippo.maintests.leadCreation.verifyOpportunityApprovalFunctionality.ToVerifyLeadUserLogin(verifyOpportunityApprovalFunctionality.java:25) ~[test-classes/:?]
	at jdk.internal.reflect.DirectMethodHandleAccessor.invoke(DirectMethodHandleAccessor.java:103) ~[?:?]
	at java.lang.reflect.Method.invoke(Method.java:580) ~[?:?]
	at org.testng.internal.invokers.MethodInvocationHelper.invokeMethod(MethodInvocationHelper.java:141) ~[testng-7.10.2.jar:7.10.2]
	at org.testng.internal.invokers.TestInvoker.invokeMethod(TestInvoker.java:686) ~[testng-7.10.2.jar:7.10.2]
	at org.testng.internal.invokers.TestInvoker.invokeTestMethod(TestInvoker.java:230) ~[testng-7.10.2.jar:7.10.2]
	at org.testng.internal.invokers.MethodRunner.runInSequence(MethodRunner.java:63) ~[testng-7.10.2.jar:7.10.2]
	at org.testng.internal.invokers.TestInvoker$MethodInvocationAgent.invoke(TestInvoker.java:992) ~[testng-7.10.2.jar:7.10.2]
	at org.testng.internal.invokers.TestInvoker.invokeTestMethods(TestInvoker.java:203) ~[testng-7.10.2.jar:7.10.2]
	at org.testng.internal.invokers.TestMethodWorker.invokeTestMethods(TestMethodWorker.java:154) ~[testng-7.10.2.jar:7.10.2]
	at org.testng.internal.invokers.TestMethodWorker.run(TestMethodWorker.java:134) ~[testng-7.10.2.jar:7.10.2]
	at java.util.ArrayList.forEach(ArrayList.java:1596) [?:?]
	at org.testng.TestRunner.privateRun(TestRunner.java:739) [testng-7.10.2.jar:7.10.2]
	at org.testng.TestRunner.run(TestRunner.java:614) [testng-7.10.2.jar:7.10.2]
	at org.testng.SuiteRunner.runTest(SuiteRunner.java:421) [testng-7.10.2.jar:7.10.2]
	at org.testng.SuiteRunner.runSequentially(SuiteRunner.java:413) [testng-7.10.2.jar:7.10.2]
	at org.testng.SuiteRunner.privateRun(SuiteRunner.java:373) [testng-7.10.2.jar:7.10.2]
	at org.testng.SuiteRunner.run(SuiteRunner.java:312) [testng-7.10.2.jar:7.10.2]
	at org.testng.SuiteRunnerWorker.runSuite(SuiteRunnerWorker.java:52) [testng-7.10.2.jar:7.10.2]
	at org.testng.SuiteRunnerWorker.run(SuiteRunnerWorker.java:95) [testng-7.10.2.jar:7.10.2]
	at org.testng.TestNG.runSuitesSequentially(TestNG.java:1274) [testng-7.10.2.jar:7.10.2]
	at org.testng.TestNG.runSuitesLocally(TestNG.java:1208) [testng-7.10.2.jar:7.10.2]
	at org.testng.TestNG.runSuites(TestNG.java:1112) [testng-7.10.2.jar:7.10.2]
	at org.testng.TestNG.run(TestNG.java:1079) [testng-7.10.2.jar:7.10.2]
	at com.intellij.rt.testng.IDEARemoteTestNG.run(IDEARemoteTestNG.java:65) [testng-rt.jar:?]
	at com.intellij.rt.testng.RemoteTestNGStarter.main(RemoteTestNGStarter.java:105) [testng-rt.jar:?]
[ERROR] 29 Jul 2025 12:37:14,280 com.qa.hippo.maintests.leadCreation.verifyCreateBoqFunctionality :- Failure in test method EnterUserId
org.openqa.selenium.NoSuchSessionException: invalid session id
Build info: version: '4.19.1', revision: 'abe0ee07dc'
System info: os.name: 'Windows 11', os.arch: 'amd64', os.version: '10.0', java.version: '21.0.7'
Driver info: org.openqa.selenium.chrome.ChromeDriver
Command: [149f1aebc8c8c6689b72fba6ef73c7df, findElement {value=(//div[@data-testid='content-input']/input)[1], using=xpath}]
Capabilities {acceptInsecureCerts: false, browserName: chrome, browserVersion: 138.0.7204.158, chrome: {chromedriverVersion: 138.0.7204.168 (3e8d82e86e9..., userDataDir: C:\Users\AHMED~1.NIY\AppDat...}, fedcm:accounts: true, goog:chromeOptions: {debuggerAddress: localhost:60689}, networkConnectionEnabled: false, pageLoadStrategy: normal, platformName: windows, proxy: Proxy(), se:cdp: ws://localhost:60689/devtoo..., se:cdpVersion: 138.0.7204.158, setWindowRect: true, strictFileInteractability: false, timeouts: {implicit: 0, pageLoad: 300000, script: 30000}, unhandledPromptBehavior: dismiss and notify, webauthn:extension:credBlob: true, webauthn:extension:largeBlob: true, webauthn:extension:minPinLength: true, webauthn:extension:prf: true, webauthn:virtualAuthenticators: true}
Session ID: 149f1aebc8c8c6689b72fba6ef73c7df
	at jdk.internal.reflect.DirectConstructorHandleAccessor.newInstance(DirectConstructorHandleAccessor.java:62) ~[?:?]
	at java.lang.reflect.Constructor.newInstanceWithCaller(Constructor.java:502) ~[?:?]
	at java.lang.reflect.Constructor.newInstance(Constructor.java:486) ~[?:?]
	at org.openqa.selenium.remote.ErrorCodec.decode(ErrorCodec.java:167) ~[selenium-remote-driver-4.19.1.jar:?]
	at org.openqa.selenium.remote.codec.w3c.W3CHttpResponseCodec.decode(W3CHttpResponseCodec.java:138) ~[selenium-remote-driver-4.19.1.jar:?]
	at org.openqa.selenium.remote.codec.w3c.W3CHttpResponseCodec.decode(W3CHttpResponseCodec.java:50) ~[selenium-remote-driver-4.19.1.jar:?]
	at org.openqa.selenium.remote.HttpCommandExecutor.execute(HttpCommandExecutor.java:190) ~[selenium-remote-driver-4.19.1.jar:?]
	at org.openqa.selenium.remote.service.DriverCommandExecutor.invokeExecute(DriverCommandExecutor.java:216) ~[selenium-remote-driver-4.19.1.jar:?]
	at org.openqa.selenium.remote.service.DriverCommandExecutor.execute(DriverCommandExecutor.java:174) ~[selenium-remote-driver-4.19.1.jar:?]
	at org.openqa.selenium.remote.RemoteWebDriver.execute(RemoteWebDriver.java:518) ~[selenium-remote-driver-4.19.1.jar:?]
	at org.openqa.selenium.remote.ElementLocation$ElementFinder$2.findElement(ElementLocation.java:165) ~[selenium-remote-driver-4.19.1.jar:?]
	at org.openqa.selenium.remote.ElementLocation.findElement(ElementLocation.java:59) ~[selenium-remote-driver-4.19.1.jar:?]
	at org.openqa.selenium.remote.RemoteWebDriver.findElement(RemoteWebDriver.java:355) ~[selenium-remote-driver-4.19.1.jar:?]
	at org.openqa.selenium.remote.RemoteWebDriver.findElement(RemoteWebDriver.java:349) ~[selenium-remote-driver-4.19.1.jar:?]
	at org.openqa.selenium.support.pagefactory.DefaultElementLocator.findElement(DefaultElementLocator.java:68) ~[selenium-support-4.19.1.jar:?]
	at org.openqa.selenium.support.pagefactory.internal.LocatingElementHandler.invoke(LocatingElementHandler.java:38) ~[selenium-support-4.19.1.jar:?]
	at jdk.proxy2.$Proxy30.isDisplayed(Unknown Source) ~[?:?]
	at org.openqa.selenium.support.ui.ExpectedConditions.elementIfVisible(ExpectedConditions.java:304) ~[selenium-support-4.19.1.jar:?]
	at org.openqa.selenium.support.ui.ExpectedConditions$10.apply(ExpectedConditions.java:290) ~[selenium-support-4.19.1.jar:?]
	at org.openqa.selenium.support.ui.ExpectedConditions$10.apply(ExpectedConditions.java:287) ~[selenium-support-4.19.1.jar:?]
	at org.openqa.selenium.support.ui.FluentWait.until(FluentWait.java:203) ~[selenium-support-4.19.1.jar:?]
	at com.qa.hippo.main.pages.MoLogin.enterUserId(MoLogin.java:51) ~[classes/:?]
	at com.qa.hippo.main.pages.MoLogin.performLoginOperation(MoLogin.java:93) ~[classes/:?]
	at com.qa.hippo.maintests.leadCreation.verifyCreateBoqFunctionality.interiorDesignerLogin(verifyCreateBoqFunctionality.java:26) ~[test-classes/:?]
	at jdk.internal.reflect.DirectMethodHandleAccessor.invoke(DirectMethodHandleAccessor.java:103) ~[?:?]
	at java.lang.reflect.Method.invoke(Method.java:580) ~[?:?]
	at org.testng.internal.invokers.MethodInvocationHelper.invokeMethod(MethodInvocationHelper.java:141) ~[testng-7.10.2.jar:7.10.2]
	at org.testng.internal.invokers.TestInvoker.invokeMethod(TestInvoker.java:686) ~[testng-7.10.2.jar:7.10.2]
	at org.testng.internal.invokers.TestInvoker.invokeTestMethod(TestInvoker.java:230) ~[testng-7.10.2.jar:7.10.2]
	at org.testng.internal.invokers.MethodRunner.runInSequence(MethodRunner.java:63) ~[testng-7.10.2.jar:7.10.2]
	at org.testng.internal.invokers.TestInvoker$MethodInvocationAgent.invoke(TestInvoker.java:992) ~[testng-7.10.2.jar:7.10.2]
	at org.testng.internal.invokers.TestInvoker.invokeTestMethods(TestInvoker.java:203) ~[testng-7.10.2.jar:7.10.2]
	at org.testng.internal.invokers.TestMethodWorker.invokeTestMethods(TestMethodWorker.java:154) ~[testng-7.10.2.jar:7.10.2]
	at org.testng.internal.invokers.TestMethodWorker.run(TestMethodWorker.java:134) ~[testng-7.10.2.jar:7.10.2]
	at java.util.ArrayList.forEach(ArrayList.java:1596) [?:?]
	at org.testng.TestRunner.privateRun(TestRunner.java:739) [testng-7.10.2.jar:7.10.2]
	at org.testng.TestRunner.run(TestRunner.java:614) [testng-7.10.2.jar:7.10.2]
	at org.testng.SuiteRunner.runTest(SuiteRunner.java:421) [testng-7.10.2.jar:7.10.2]
	at org.testng.SuiteRunner.runSequentially(SuiteRunner.java:413) [testng-7.10.2.jar:7.10.2]
	at org.testng.SuiteRunner.privateRun(SuiteRunner.java:373) [testng-7.10.2.jar:7.10.2]
	at org.testng.SuiteRunner.run(SuiteRunner.java:312) [testng-7.10.2.jar:7.10.2]
	at org.testng.SuiteRunnerWorker.runSuite(SuiteRunnerWorker.java:52) [testng-7.10.2.jar:7.10.2]
	at org.testng.SuiteRunnerWorker.run(SuiteRunnerWorker.java:95) [testng-7.10.2.jar:7.10.2]
	at org.testng.TestNG.runSuitesSequentially(TestNG.java:1274) [testng-7.10.2.jar:7.10.2]
	at org.testng.TestNG.runSuitesLocally(TestNG.java:1208) [testng-7.10.2.jar:7.10.2]
	at org.testng.TestNG.runSuites(TestNG.java:1112) [testng-7.10.2.jar:7.10.2]
	at org.testng.TestNG.run(TestNG.java:1079) [testng-7.10.2.jar:7.10.2]
	at com.intellij.rt.testng.IDEARemoteTestNG.run(IDEARemoteTestNG.java:65) [testng-rt.jar:?]
	at com.intellij.rt.testng.RemoteTestNGStarter.main(RemoteTestNGStarter.java:105) [testng-rt.jar:?]
