[INFO ] 29 Jul 2025 16:01:42,869 com.qa.hippo.maintests.leadCreation.verifyMOLoginFunctionality :- Chrome launched successfully
[INFO ] 29 Jul 2025 16:01:42,913 com.qa.hippo.maintests.leadCreation.verifyMOLoginFunctionality :- Maximized browser
[INFO ] 29 Jul 2025 16:01:42,927 com.qa.hippo.maintests.leadCreation.verifyMOLoginFunctionality :- Deleted all cookies
[INFO ] 29 Jul 2025 16:01:44,645 com.qa.hippo.maintests.leadCreation.verifyMOLoginFunctionality :- UserId is Entered!!
[INFO ] 29 Jul 2025 16:01:44,744 com.qa.hippo.maintests.leadCreation.verifyMOLoginFunctionality :- Password is Entered!!!
[INFO ] 29 Jul 2025 16:01:44,849 com.qa.hippo.maintests.leadCreation.verifyMOLoginFunctionality :- Clicked on Login Button!!
[INFO ] 29 Jul 2025 16:01:45,883 com.qa.hippo.maintests.leadCreation.verifyMOLoginFunctionality :- Search Created Customer!!!
[INFO ] 29 Jul 2025 16:01:50,324 com.qa.hippo.maintests.leadCreation.verifyMOLoginFunctionality :- Click on Site tab!!
[INFO ] 29 Jul 2025 16:01:52,415 com.qa.hippo.maintests.leadCreation.verifyMOLoginFunctionality :- Click on Add Site Button !!
[INFO ] 29 Jul 2025 16:01:54,511 com.qa.hippo.maintests.leadCreation.verifyMOLoginFunctionality :- Select Type of project and type of site!!
[INFO ] 29 Jul 2025 16:01:55,058 com.qa.hippo.maintests.leadCreation.verifyMOLoginFunctionality :- Randomly selected option: Interior Fitout
[INFO ] 29 Jul 2025 16:01:55,452 com.qa.hippo.maintests.leadCreation.verifyMOLoginFunctionality :- Randomly selected option: Kothi
[INFO ] 29 Jul 2025 16:01:55,456 com.qa.hippo.maintests.leadCreation.verifyMOLoginFunctionality :- Enter Address Details !!!
[INFO ] 29 Jul 2025 16:01:56,821 com.qa.hippo.maintests.leadCreation.verifyMOLoginFunctionality :- Enter Other Details like Carpet Area !!!
[INFO ] 29 Jul 2025 16:01:56,935 com.qa.hippo.maintests.leadCreation.verifyMOLoginFunctionality :- Enter Tentative Possessions Date!!!
[ERROR] 29 Jul 2025 16:01:56,935 com.qa.hippo.maintests.leadCreation.verifyMOLoginFunctionality :- The specified date is not in the future. Please provide a valid future date.
[INFO ] 29 Jul 2025 16:01:56,935 com.qa.hippo.maintests.leadCreation.verifyMOLoginFunctionality :- Specific Date: 28/12/2024
[INFO ] 29 Jul 2025 16:01:57,048 com.qa.hippo.maintests.leadCreation.verifyMOLoginFunctionality :- Specific date entered successfully!
[INFO ] 29 Jul 2025 16:01:58,211 com.qa.hippo.maintests.leadCreation.verifyMOLoginFunctionality :- Site created successfully! Redirected to: https://orders.hippobetabox.in/crm/customers/5bbdd6d9-828d-44f4-92bf-8967e2e7b5e7
[INFO ] 29 Jul 2025 16:01:58,503 com.qa.hippo.maintests.leadCreation.verifyMOLoginFunctionality :- Click on created site!!
[INFO ] 29 Jul 2025 16:01:59,337 com.qa.hippo.main.pages.leadManagementPages.CreateScopeOfWork :- Site code is : S/NOS1/204
[INFO ] 29 Jul 2025 16:01:59,518 com.qa.hippo.maintests.leadCreation.verifyMOLoginFunctionality :- Click on Scope of work tab!!!
[INFO ] 29 Jul 2025 16:02:00,411 com.qa.hippo.maintests.leadCreation.verifyMOLoginFunctionality :- Click on Modular Kitchen Checkbox!!
[INFO ] 29 Jul 2025 16:02:00,568 com.qa.hippo.main.pages.leadManagementPages.CreateScopeOfWork :- Checkbox for 'MODULAR KITCHEN' is not selected. Selecting it now.
[INFO ] 29 Jul 2025 16:02:00,634 com.qa.hippo.maintests.leadCreation.verifyMOLoginFunctionality :- Select Follow Up Date....
[ERROR] 29 Jul 2025 16:02:00,783 com.qa.hippo.main.pages.leadManagementPages.CreateScopeOfWork :- Date field already has a value: 31-07-2025. Updating to the specific date.
[INFO ] 29 Jul 2025 16:02:00,816 com.qa.hippo.main.pages.leadManagementPages.CreateScopeOfWork :- Date set to: 15-12-2024
[INFO ] 29 Jul 2025 16:02:00,816 com.qa.hippo.maintests.leadCreation.verifyMOLoginFunctionality :- Select Lead Owner from dropdown....
[INFO ] 29 Jul 2025 16:02:01,018 com.qa.hippo.maintests.leadCreation.verifyMOLoginFunctionality :- Opportunity is created !!
[INFO ] 29 Jul 2025 16:02:01,587 com.qa.hippo.main.pages.leadManagementPages.CreateScopeOfWork :- Opportunity Updated Successfully!
[INFO ] 29 Jul 2025 16:02:07,244 com.qa.hippo.maintests.leadCreation.verifyMOLoginFunctionality :- Logout Successfully!!!
[INFO ] 29 Jul 2025 16:02:07,411 com.qa.hippo.maintests.leadCreation.verifyMOLoginFunctionality :- UserId is Entered!!
[INFO ] 29 Jul 2025 16:02:07,499 com.qa.hippo.maintests.leadCreation.verifyMOLoginFunctionality :- Password is Entered!!!
[INFO ] 29 Jul 2025 16:02:07,600 com.qa.hippo.maintests.leadCreation.verifyMOLoginFunctionality :- Clicked on Login Button!!
[ERROR] 29 Jul 2025 16:02:35,432 com.qa.hippo.maintests.leadCreation.verifyMOLoginFunctionality :- Failure in test method EnterUserId
org.openqa.selenium.NoSuchSessionException: invalid session id
Build info: version: '4.19.1', revision: 'abe0ee07dc'
System info: os.name: 'Windows 11', os.arch: 'amd64', os.version: '10.0', java.version: '21.0.7'
Driver info: org.openqa.selenium.chrome.ChromeDriver
Command: [ab840be1b0e0c2a165c5eab5a3188c14, findElement {value=(//div[@data-testid='content-input']/input)[1], using=xpath}]
Capabilities {acceptInsecureCerts: false, browserName: chrome, browserVersion: 138.0.7204.158, chrome: {chromedriverVersion: 138.0.7204.168 (3e8d82e86e9..., userDataDir: C:\Users\AHMED~1.NIY\AppDat...}, fedcm:accounts: true, goog:chromeOptions: {debuggerAddress: localhost:55310}, networkConnectionEnabled: false, pageLoadStrategy: normal, platformName: windows, proxy: Proxy(), se:cdp: ws://localhost:55310/devtoo..., se:cdpVersion: 138.0.7204.158, setWindowRect: true, strictFileInteractability: false, timeouts: {implicit: 0, pageLoad: 300000, script: 30000}, unhandledPromptBehavior: dismiss and notify, webauthn:extension:credBlob: true, webauthn:extension:largeBlob: true, webauthn:extension:minPinLength: true, webauthn:extension:prf: true, webauthn:virtualAuthenticators: true}
Session ID: ab840be1b0e0c2a165c5eab5a3188c14
	at jdk.internal.reflect.DirectConstructorHandleAccessor.newInstance(DirectConstructorHandleAccessor.java:62) ~[?:?]
	at java.lang.reflect.Constructor.newInstanceWithCaller(Constructor.java:502) ~[?:?]
	at java.lang.reflect.Constructor.newInstance(Constructor.java:486) ~[?:?]
	at org.openqa.selenium.remote.ErrorCodec.decode(ErrorCodec.java:167) ~[selenium-remote-driver-4.19.1.jar:?]
	at org.openqa.selenium.remote.codec.w3c.W3CHttpResponseCodec.decode(W3CHttpResponseCodec.java:138) ~[selenium-remote-driver-4.19.1.jar:?]
	at org.openqa.selenium.remote.codec.w3c.W3CHttpResponseCodec.decode(W3CHttpResponseCodec.java:50) ~[selenium-remote-driver-4.19.1.jar:?]
	at org.openqa.selenium.remote.HttpCommandExecutor.execute(HttpCommandExecutor.java:190) ~[selenium-remote-driver-4.19.1.jar:?]
	at org.openqa.selenium.remote.service.DriverCommandExecutor.invokeExecute(DriverCommandExecutor.java:216) ~[selenium-remote-driver-4.19.1.jar:?]
	at org.openqa.selenium.remote.service.DriverCommandExecutor.execute(DriverCommandExecutor.java:174) ~[selenium-remote-driver-4.19.1.jar:?]
	at org.openqa.selenium.remote.RemoteWebDriver.execute(RemoteWebDriver.java:518) ~[selenium-remote-driver-4.19.1.jar:?]
	at org.openqa.selenium.remote.ElementLocation$ElementFinder$2.findElement(ElementLocation.java:165) ~[selenium-remote-driver-4.19.1.jar:?]
	at org.openqa.selenium.remote.ElementLocation.findElement(ElementLocation.java:59) ~[selenium-remote-driver-4.19.1.jar:?]
	at org.openqa.selenium.remote.RemoteWebDriver.findElement(RemoteWebDriver.java:355) ~[selenium-remote-driver-4.19.1.jar:?]
	at org.openqa.selenium.remote.RemoteWebDriver.findElement(RemoteWebDriver.java:349) ~[selenium-remote-driver-4.19.1.jar:?]
	at org.openqa.selenium.support.pagefactory.DefaultElementLocator.findElement(DefaultElementLocator.java:68) ~[selenium-support-4.19.1.jar:?]
	at org.openqa.selenium.support.pagefactory.internal.LocatingElementHandler.invoke(LocatingElementHandler.java:38) ~[selenium-support-4.19.1.jar:?]
	at jdk.proxy2.$Proxy30.isDisplayed(Unknown Source) ~[?:?]
	at org.openqa.selenium.support.ui.ExpectedConditions.elementIfVisible(ExpectedConditions.java:304) ~[selenium-support-4.19.1.jar:?]
	at org.openqa.selenium.support.ui.ExpectedConditions$10.apply(ExpectedConditions.java:290) ~[selenium-support-4.19.1.jar:?]
	at org.openqa.selenium.support.ui.ExpectedConditions$10.apply(ExpectedConditions.java:287) ~[selenium-support-4.19.1.jar:?]
	at org.openqa.selenium.support.ui.FluentWait.until(FluentWait.java:203) ~[selenium-support-4.19.1.jar:?]
	at com.qa.hippo.main.pages.MoLogin.enterUserId(MoLogin.java:51) ~[classes/:?]
	at com.qa.hippo.main.pages.MoLogin.performLoginOperation(MoLogin.java:93) ~[classes/:?]
	at com.qa.hippo.maintests.leadCreation.verifyCreateBoqFunctionality.interiorDesignerLogin(verifyCreateBoqFunctionality.java:26) ~[test-classes/:?]
	at jdk.internal.reflect.DirectMethodHandleAccessor.invoke(DirectMethodHandleAccessor.java:103) ~[?:?]
	at java.lang.reflect.Method.invoke(Method.java:580) ~[?:?]
	at org.testng.internal.invokers.MethodInvocationHelper.invokeMethod(MethodInvocationHelper.java:141) ~[testng-7.10.2.jar:7.10.2]
	at org.testng.internal.invokers.TestInvoker.invokeMethod(TestInvoker.java:686) ~[testng-7.10.2.jar:7.10.2]
	at org.testng.internal.invokers.TestInvoker.invokeTestMethod(TestInvoker.java:230) ~[testng-7.10.2.jar:7.10.2]
	at org.testng.internal.invokers.MethodRunner.runInSequence(MethodRunner.java:63) ~[testng-7.10.2.jar:7.10.2]
	at org.testng.internal.invokers.TestInvoker$MethodInvocationAgent.invoke(TestInvoker.java:992) ~[testng-7.10.2.jar:7.10.2]
	at org.testng.internal.invokers.TestInvoker.invokeTestMethods(TestInvoker.java:203) ~[testng-7.10.2.jar:7.10.2]
	at org.testng.internal.invokers.TestMethodWorker.invokeTestMethods(TestMethodWorker.java:154) ~[testng-7.10.2.jar:7.10.2]
	at org.testng.internal.invokers.TestMethodWorker.run(TestMethodWorker.java:134) ~[testng-7.10.2.jar:7.10.2]
	at java.util.ArrayList.forEach(ArrayList.java:1596) [?:?]
	at org.testng.TestRunner.privateRun(TestRunner.java:739) [testng-7.10.2.jar:7.10.2]
	at org.testng.TestRunner.run(TestRunner.java:614) [testng-7.10.2.jar:7.10.2]
	at org.testng.SuiteRunner.runTest(SuiteRunner.java:421) [testng-7.10.2.jar:7.10.2]
	at org.testng.SuiteRunner.runSequentially(SuiteRunner.java:413) [testng-7.10.2.jar:7.10.2]
	at org.testng.SuiteRunner.privateRun(SuiteRunner.java:373) [testng-7.10.2.jar:7.10.2]
	at org.testng.SuiteRunner.run(SuiteRunner.java:312) [testng-7.10.2.jar:7.10.2]
	at org.testng.SuiteRunnerWorker.runSuite(SuiteRunnerWorker.java:52) [testng-7.10.2.jar:7.10.2]
	at org.testng.SuiteRunnerWorker.run(SuiteRunnerWorker.java:95) [testng-7.10.2.jar:7.10.2]
	at org.testng.TestNG.runSuitesSequentially(TestNG.java:1274) [testng-7.10.2.jar:7.10.2]
	at org.testng.TestNG.runSuitesLocally(TestNG.java:1208) [testng-7.10.2.jar:7.10.2]
	at org.testng.TestNG.runSuites(TestNG.java:1112) [testng-7.10.2.jar:7.10.2]
	at org.testng.TestNG.run(TestNG.java:1079) [testng-7.10.2.jar:7.10.2]
	at com.intellij.rt.testng.IDEARemoteTestNG.run(IDEARemoteTestNG.java:65) [testng-rt.jar:?]
	at com.intellij.rt.testng.RemoteTestNGStarter.main(RemoteTestNGStarter.java:105) [testng-rt.jar:?]
