[INFO ] 30 Jul 2025 15:41:25,025 com.qa.hippo.maintests.leadCreation.verifyMOLoginFunctionality :- Chrome launched successfully
[INFO ] 30 Jul 2025 15:41:25,061 com.qa.hippo.maintests.leadCreation.verifyMOLoginFunctionality :- Maximized browser
[INFO ] 30 Jul 2025 15:41:25,070 com.qa.hippo.maintests.leadCreation.verifyMOLoginFunctionality :- Deleted all cookies
[INFO ] 30 Jul 2025 15:41:26,162 com.qa.hippo.maintests.leadCreation.verifyMOLoginFunctionality :- UserId is Entered!!
[INFO ] 30 Jul 2025 15:41:26,261 com.qa.hippo.maintests.leadCreation.verifyMOLoginFunctionality :- Password is Entered!!!
[INFO ] 30 Jul 2025 15:41:26,350 com.qa.hippo.maintests.leadCreation.verifyMOLoginFunctionality :- Clicked on Login Button!!
[INFO ] 30 Jul 2025 15:41:27,473 com.qa.hippo.maintests.leadCreation.verifyMOLoginFunctionality :- Search Created Customer!!!
[INFO ] 30 Jul 2025 15:41:31,763 com.qa.hippo.maintests.leadCreation.verifyMOLoginFunctionality :- Click on Site tab!!
[INFO ] 30 Jul 2025 15:41:33,862 com.qa.hippo.maintests.leadCreation.verifyMOLoginFunctionality :- Click on Add Site Button !!
[INFO ] 30 Jul 2025 15:41:35,950 com.qa.hippo.maintests.leadCreation.verifyMOLoginFunctionality :- Select Type of project and type of site!!
[INFO ] 30 Jul 2025 15:41:38,651 com.qa.hippo.maintests.leadCreation.verifyMOLoginFunctionality :- Randomly selected option: New
[INFO ] 30 Jul 2025 15:41:41,132 com.qa.hippo.maintests.leadCreation.verifyMOLoginFunctionality :- Randomly selected option: Villa
[INFO ] 30 Jul 2025 15:41:41,138 com.qa.hippo.maintests.leadCreation.verifyMOLoginFunctionality :- Enter Address Details !!!
[INFO ] 30 Jul 2025 15:41:45,623 com.qa.hippo.maintests.leadCreation.verifyMOLoginFunctionality :- Enter Other Details like Carpet Area !!!
[INFO ] 30 Jul 2025 15:41:45,736 com.qa.hippo.maintests.leadCreation.verifyMOLoginFunctionality :- Enter Tentative Possessions Date!!!
[ERROR] 30 Jul 2025 15:41:45,736 com.qa.hippo.maintests.leadCreation.verifyMOLoginFunctionality :- The specified date is not in the future. Please provide a valid future date.
[INFO ] 30 Jul 2025 15:41:45,739 com.qa.hippo.maintests.leadCreation.verifyMOLoginFunctionality :- Specific Date: 28/12/2024
[INFO ] 30 Jul 2025 15:41:45,847 com.qa.hippo.maintests.leadCreation.verifyMOLoginFunctionality :- Specific date entered successfully!
[INFO ] 30 Jul 2025 15:41:49,094 com.qa.hippo.maintests.leadCreation.verifyMOLoginFunctionality :- Site created successfully! Redirected to: https://orders.hippobetabox.in/crm/customers/9c42659a-7fa1-4f82-9a5e-cb2c495177d2
[INFO ] 30 Jul 2025 15:41:51,464 com.qa.hippo.maintests.leadCreation.verifyMOLoginFunctionality :- Click on created site!!
[INFO ] 30 Jul 2025 15:41:52,299 com.qa.hippo.main.pages.leadManagementPages.CreateScopeOfWork :- Site code is : S/NOS1/233
[INFO ] 30 Jul 2025 15:41:52,565 com.qa.hippo.maintests.leadCreation.verifyMOLoginFunctionality :- Click on Scope of work tab!!!
[INFO ] 30 Jul 2025 15:41:52,958 com.qa.hippo.maintests.leadCreation.verifyMOLoginFunctionality :- Click on Modular Kitchen Checkbox!!
[INFO ] 30 Jul 2025 15:41:53,127 com.qa.hippo.main.pages.leadManagementPages.CreateScopeOfWork :- Checkbox for 'MODULAR KITCHEN' is not selected. Selecting it now.
[INFO ] 30 Jul 2025 15:41:53,218 com.qa.hippo.maintests.leadCreation.verifyMOLoginFunctionality :- Select Follow Up Date....
[ERROR] 30 Jul 2025 15:41:53,501 com.qa.hippo.main.pages.leadManagementPages.CreateScopeOfWork :- Date field already has a value: 01-08-2025. Updating to the specific date.
[INFO ] 30 Jul 2025 15:41:53,530 com.qa.hippo.main.pages.leadManagementPages.CreateScopeOfWork :- Date set to: 15-12-2024
[INFO ] 30 Jul 2025 15:41:53,533 com.qa.hippo.maintests.leadCreation.verifyMOLoginFunctionality :- Select Lead Owner from dropdown....
[INFO ] 30 Jul 2025 15:41:53,708 com.qa.hippo.maintests.leadCreation.verifyMOLoginFunctionality :- Opportunity is created !!
[INFO ] 30 Jul 2025 15:41:54,258 com.qa.hippo.main.pages.leadManagementPages.CreateScopeOfWork :- Opportunity Updated Successfully!
[INFO ] 30 Jul 2025 15:41:59,620 com.qa.hippo.maintests.leadCreation.verifyMOLoginFunctionality :- Logout Successfully!!!
[INFO ] 30 Jul 2025 15:41:59,756 com.qa.hippo.maintests.leadCreation.verifyMOLoginFunctionality :- UserId is Entered!!
[INFO ] 30 Jul 2025 15:41:59,882 com.qa.hippo.maintests.leadCreation.verifyMOLoginFunctionality :- Password is Entered!!!
[INFO ] 30 Jul 2025 15:41:59,973 com.qa.hippo.maintests.leadCreation.verifyMOLoginFunctionality :- Clicked on Login Button!!
[INFO ] 30 Jul 2025 15:42:17,844 com.qa.hippo.maintests.leadCreation.verifyMOLoginFunctionality :- Clicked on update follow up button!!
[INFO ] 30 Jul 2025 15:42:18,973 com.qa.hippo.maintests.leadCreation.verifyMOLoginFunctionality :- Clicked on Lead Status dropdown!!!
[INFO ] 30 Jul 2025 15:42:21,151 com.qa.hippo.maintests.leadCreation.verifyMOLoginFunctionality :- Boq Creation Option is selected
[INFO ] 30 Jul 2025 15:42:26,648 com.qa.hippo.maintests.leadCreation.verifyMOLoginFunctionality :- Logout Successfully!!!
[INFO ] 30 Jul 2025 15:42:26,793 com.qa.hippo.maintests.leadCreation.verifyMOLoginFunctionality :- UserId is Entered!!
[INFO ] 30 Jul 2025 15:42:26,898 com.qa.hippo.maintests.leadCreation.verifyMOLoginFunctionality :- Password is Entered!!!
[INFO ] 30 Jul 2025 15:42:27,014 com.qa.hippo.maintests.leadCreation.verifyMOLoginFunctionality :- Clicked on Login Button!!
[ERROR] 30 Jul 2025 15:42:42,216 com.qa.hippo.maintests.leadCreation.verifyMOLoginFunctionality :- Failure in test method EnterUserId
org.openqa.selenium.NoSuchSessionException: invalid session id
Build info: version: '4.19.1', revision: 'abe0ee07dc'
System info: os.name: 'Windows 11', os.arch: 'amd64', os.version: '10.0', java.version: '21.0.7'
Driver info: org.openqa.selenium.chrome.ChromeDriver
Command: [a2e9225808b77390af928b08ab3f0f7a, findElement {using=xpath, value=(//div[@data-testid='content-input']/input)[1]}]
Capabilities {acceptInsecureCerts: false, browserName: chrome, browserVersion: 138.0.7204.170, chrome: {chromedriverVersion: 138.0.7204.183 (e90faf484dd..., userDataDir: C:\Users\AHMED~1.NIY\AppDat...}, fedcm:accounts: true, goog:chromeOptions: {debuggerAddress: localhost:60921}, networkConnectionEnabled: false, pageLoadStrategy: normal, platformName: windows, proxy: Proxy(), se:cdp: ws://localhost:60921/devtoo..., se:cdpVersion: 138.0.7204.170, setWindowRect: true, strictFileInteractability: false, timeouts: {implicit: 0, pageLoad: 300000, script: 30000}, unhandledPromptBehavior: dismiss and notify, webauthn:extension:credBlob: true, webauthn:extension:largeBlob: true, webauthn:extension:minPinLength: true, webauthn:extension:prf: true, webauthn:virtualAuthenticators: true}
Session ID: a2e9225808b77390af928b08ab3f0f7a
	at jdk.internal.reflect.DirectConstructorHandleAccessor.newInstance(DirectConstructorHandleAccessor.java:62) ~[?:?]
	at java.lang.reflect.Constructor.newInstanceWithCaller(Constructor.java:502) ~[?:?]
	at java.lang.reflect.Constructor.newInstance(Constructor.java:486) ~[?:?]
	at org.openqa.selenium.remote.ErrorCodec.decode(ErrorCodec.java:167) ~[selenium-remote-driver-4.19.1.jar:?]
	at org.openqa.selenium.remote.codec.w3c.W3CHttpResponseCodec.decode(W3CHttpResponseCodec.java:138) ~[selenium-remote-driver-4.19.1.jar:?]
	at org.openqa.selenium.remote.codec.w3c.W3CHttpResponseCodec.decode(W3CHttpResponseCodec.java:50) ~[selenium-remote-driver-4.19.1.jar:?]
	at org.openqa.selenium.remote.HttpCommandExecutor.execute(HttpCommandExecutor.java:190) ~[selenium-remote-driver-4.19.1.jar:?]
	at org.openqa.selenium.remote.service.DriverCommandExecutor.invokeExecute(DriverCommandExecutor.java:216) ~[selenium-remote-driver-4.19.1.jar:?]
	at org.openqa.selenium.remote.service.DriverCommandExecutor.execute(DriverCommandExecutor.java:174) ~[selenium-remote-driver-4.19.1.jar:?]
	at org.openqa.selenium.remote.RemoteWebDriver.execute(RemoteWebDriver.java:518) ~[selenium-remote-driver-4.19.1.jar:?]
	at org.openqa.selenium.remote.ElementLocation$ElementFinder$2.findElement(ElementLocation.java:165) ~[selenium-remote-driver-4.19.1.jar:?]
	at org.openqa.selenium.remote.ElementLocation.findElement(ElementLocation.java:59) ~[selenium-remote-driver-4.19.1.jar:?]
	at org.openqa.selenium.remote.RemoteWebDriver.findElement(RemoteWebDriver.java:355) ~[selenium-remote-driver-4.19.1.jar:?]
	at org.openqa.selenium.remote.RemoteWebDriver.findElement(RemoteWebDriver.java:349) ~[selenium-remote-driver-4.19.1.jar:?]
	at org.openqa.selenium.support.pagefactory.DefaultElementLocator.findElement(DefaultElementLocator.java:68) ~[selenium-support-4.19.1.jar:?]
	at org.openqa.selenium.support.pagefactory.internal.LocatingElementHandler.invoke(LocatingElementHandler.java:38) ~[selenium-support-4.19.1.jar:?]
	at jdk.proxy2.$Proxy30.isDisplayed(Unknown Source) ~[?:?]
	at org.openqa.selenium.support.ui.ExpectedConditions.elementIfVisible(ExpectedConditions.java:304) ~[selenium-support-4.19.1.jar:?]
	at org.openqa.selenium.support.ui.ExpectedConditions$10.apply(ExpectedConditions.java:290) ~[selenium-support-4.19.1.jar:?]
	at org.openqa.selenium.support.ui.ExpectedConditions$10.apply(ExpectedConditions.java:287) ~[selenium-support-4.19.1.jar:?]
	at org.openqa.selenium.support.ui.FluentWait.until(FluentWait.java:203) ~[selenium-support-4.19.1.jar:?]
	at com.qa.hippo.main.pages.MoLogin.enterUserId(MoLogin.java:51) ~[classes/:?]
	at com.qa.hippo.main.pages.MoLogin.performLoginOperation(MoLogin.java:93) ~[classes/:?]
	at com.qa.hippo.maintests.leadCreation.verifyApproveBoqDiscountFunctionality.verifyLeadUserLogin(verifyApproveBoqDiscountFunctionality.java:32) ~[test-classes/:?]
	at jdk.internal.reflect.DirectMethodHandleAccessor.invoke(DirectMethodHandleAccessor.java:103) ~[?:?]
	at java.lang.reflect.Method.invoke(Method.java:580) ~[?:?]
	at org.testng.internal.invokers.MethodInvocationHelper.invokeMethod(MethodInvocationHelper.java:141) ~[testng-7.10.2.jar:7.10.2]
	at org.testng.internal.invokers.TestInvoker.invokeMethod(TestInvoker.java:686) ~[testng-7.10.2.jar:7.10.2]
	at org.testng.internal.invokers.TestInvoker.invokeTestMethod(TestInvoker.java:230) ~[testng-7.10.2.jar:7.10.2]
	at org.testng.internal.invokers.MethodRunner.runInSequence(MethodRunner.java:63) ~[testng-7.10.2.jar:7.10.2]
	at org.testng.internal.invokers.TestInvoker$MethodInvocationAgent.invoke(TestInvoker.java:992) ~[testng-7.10.2.jar:7.10.2]
	at org.testng.internal.invokers.TestInvoker.invokeTestMethods(TestInvoker.java:203) ~[testng-7.10.2.jar:7.10.2]
	at org.testng.internal.invokers.TestMethodWorker.invokeTestMethods(TestMethodWorker.java:154) ~[testng-7.10.2.jar:7.10.2]
	at org.testng.internal.invokers.TestMethodWorker.run(TestMethodWorker.java:134) ~[testng-7.10.2.jar:7.10.2]
	at java.util.ArrayList.forEach(ArrayList.java:1596) [?:?]
	at org.testng.TestRunner.privateRun(TestRunner.java:739) [testng-7.10.2.jar:7.10.2]
	at org.testng.TestRunner.run(TestRunner.java:614) [testng-7.10.2.jar:7.10.2]
	at org.testng.SuiteRunner.runTest(SuiteRunner.java:421) [testng-7.10.2.jar:7.10.2]
	at org.testng.SuiteRunner.runSequentially(SuiteRunner.java:413) [testng-7.10.2.jar:7.10.2]
	at org.testng.SuiteRunner.privateRun(SuiteRunner.java:373) [testng-7.10.2.jar:7.10.2]
	at org.testng.SuiteRunner.run(SuiteRunner.java:312) [testng-7.10.2.jar:7.10.2]
	at org.testng.SuiteRunnerWorker.runSuite(SuiteRunnerWorker.java:52) [testng-7.10.2.jar:7.10.2]
	at org.testng.SuiteRunnerWorker.run(SuiteRunnerWorker.java:95) [testng-7.10.2.jar:7.10.2]
	at org.testng.TestNG.runSuitesSequentially(TestNG.java:1274) [testng-7.10.2.jar:7.10.2]
	at org.testng.TestNG.runSuitesLocally(TestNG.java:1208) [testng-7.10.2.jar:7.10.2]
	at org.testng.TestNG.runSuites(TestNG.java:1112) [testng-7.10.2.jar:7.10.2]
	at org.testng.TestNG.run(TestNG.java:1079) [testng-7.10.2.jar:7.10.2]
	at com.intellij.rt.testng.IDEARemoteTestNG.run(IDEARemoteTestNG.java:65) [testng-rt.jar:?]
	at com.intellij.rt.testng.RemoteTestNGStarter.main(RemoteTestNGStarter.java:105) [testng-rt.jar:?]
